c:\users\usuario\desktop\utn\algoritmos\repo\consoleapplication27\consoleapplication27\debug\vc142.pdb
c:\users\usuario\desktop\utn\algoritmos\repo\consoleapplication27\consoleapplication27\debug\vc142.idb
c:\users\usuario\desktop\utn\algoritmos\repo\consoleapplication27\consoleapplication27\debug\consoleapplication27.obj
c:\users\usuario\desktop\utn\algoritmos\repo\consoleapplication27\consoleapplication27\debug\vectores.obj
c:\users\usuario\desktop\utn\algoritmos\repo\consoleapplication27\consoleapplication27\debug\dinamica.obj
c:\users\usuario\desktop\utn\algoritmos\repo\consoleapplication27\debug\consoleapplication27.pdb
c:\users\usuario\desktop\utn\algoritmos\repo\consoleapplication27\consoleapplication27\debug\consolea.919021cd.tlog\cl.command.1.tlog
c:\users\usuario\desktop\utn\algoritmos\repo\consoleapplication27\consoleapplication27\debug\consolea.919021cd.tlog\cl.read.1.tlog
c:\users\usuario\desktop\utn\algoritmos\repo\consoleapplication27\consoleapplication27\debug\consolea.919021cd.tlog\cl.write.1.tlog
c:\users\usuario\desktop\utn\algoritmos\repo\consoleapplication27\consoleapplication27\debug\consolea.919021cd.tlog\link-cvtres.read.1.tlog
c:\users\usuario\desktop\utn\algoritmos\repo\consoleapplication27\consoleapplication27\debug\consolea.919021cd.tlog\link-cvtres.write.1.tlog
c:\users\usuario\desktop\utn\algoritmos\repo\consoleapplication27\consoleapplication27\debug\consolea.919021cd.tlog\link-rc.read.1.tlog
c:\users\usuario\desktop\utn\algoritmos\repo\consoleapplication27\consoleapplication27\debug\consolea.919021cd.tlog\link-rc.write.1.tlog
c:\users\usuario\desktop\utn\algoritmos\repo\consoleapplication27\consoleapplication27\debug\consolea.919021cd.tlog\link.16828-cvtres.read.1.tlog
c:\users\usuario\desktop\utn\algoritmos\repo\consoleapplication27\consoleapplication27\debug\consolea.919021cd.tlog\link.16828-cvtres.write.1.tlog
c:\users\usuario\desktop\utn\algoritmos\repo\consoleapplication27\consoleapplication27\debug\consolea.919021cd.tlog\link.16828-rc.read.1.tlog
c:\users\usuario\desktop\utn\algoritmos\repo\consoleapplication27\consoleapplication27\debug\consolea.919021cd.tlog\link.16828-rc.write.1.tlog
c:\users\usuario\desktop\utn\algoritmos\repo\consoleapplication27\consoleapplication27\debug\consolea.919021cd.tlog\link.16828.read.1.tlog
c:\users\usuario\desktop\utn\algoritmos\repo\consoleapplication27\consoleapplication27\debug\consolea.919021cd.tlog\link.16828.write.1.tlog
c:\users\usuario\desktop\utn\algoritmos\repo\consoleapplication27\consoleapplication27\debug\consolea.919021cd.tlog\link.command.1.tlog
c:\users\usuario\desktop\utn\algoritmos\repo\consoleapplication27\consoleapplication27\debug\consolea.919021cd.tlog\link.read.1.tlog
c:\users\usuario\desktop\utn\algoritmos\repo\consoleapplication27\consoleapplication27\debug\consolea.919021cd.tlog\link.write.1.tlog
